1727550503131:help
1727550508504:clear
1727551549089:activity
1727643183557:Activity
1727643190936:activity
1727647977514:ACTIVITY
1727647980493:activity
1727654751475:activvity
1727654754117:activity
1727755519684:activity Garyn14
1727756005553:activity GarynFernando
1727756011608:activity papotico
1727756024218:activity @
1727756043642:help
1727756049189:stacktrace
1727756185844:activity negro
1727756194542:activity jhon23457
1727757614853:stacktrace
1727758813302:github-activity Garyn14
1727759030869:github-activity "GarynFernando"
1727759124385:github-activity jhon23ad
1727759166196:github-activity marianna
1727759718082:github-activity-limit Garyn14 1
1727759751031:github-activity Garyn14
1727759769673:stacktrace
1727759802992:help
1727759884802:sds
1727759897938:github-activity @ -a asc
1727759908883:github-activty @12dsdas
1727759919916:github-activity @
1727759973780:github-activity-limit Garyn14
1727759987933:github-activity Garyn14 p
1727760017284:github-activity-limit Garyn14 3
1727760081460:github-activity-limit Garyn14 @
1727760208307:stacktrace
1727760626731:github-activity Garyn14 @
1727760640095:github-activity-limit Garyn14 @
1727760738444:stacktrace
1727808068726:github-activity
1727808107529:github-activity --username "GarynFernando" --limit 2
1727808120800:github-activity --username "GarynFernando" --limitString 2
1727808131433:github-activity --username "GarynFernando"
1727808153928:github-activity-limit --username "GarynFernando" --limitString 2
1727808232205:github-activity-limit
1727808245504:github-activity-limit Garyn14 @
1727808253702:help
1727808413960:github-activity Fer
1727808515216:github-activity Garyn14
1727808560031:github-activity-limit Garyn14 3
1727808830504:github-activity 123abcd
1727808842002:github-activity ron12345678
1727808855358:github-activity 34eur-
1727808970208:github-activity-limit 34eur- 10
